{
  "RSpec": {
    "coverage": {
      "/Users/philco/Desktop/wdi/instructor_week09/travis/testing_app/app/controllers/application_controller.rb": [
        1,
        1,
        null
      ],
      "/Users/philco/Desktop/wdi/instructor_week09/travis/testing_app/app/helpers/application_helper.rb": [
        1,
        null
      ],
      "/Users/philco/Desktop/wdi/instructor_week09/travis/testing_app/app/models/user.rb": [
        1,
        1,
        1,
        1,
        1,
        null
      ]
    },
    "timestamp": 1384893908
  }
}
